2017-03-31 05:22:33 Error: [MissingActionException] Action ShopController::admin() could not be found.
Exception Attributes: array (
  'controller' => 'ShopController',
  'action' => 'admin',
)
Request URL: /~jhuang9/shopping/shop/admin
Stack Trace:
#0 /home/jhuang9/shopping/lib/Cake/Routing/Dispatcher.php(193): Controller->invokeAction(Object(CakeRequest))
#1 /home/jhuang9/shopping/lib/Cake/Routing/Dispatcher.php(167): Dispatcher->_invoke(Object(ShopController), Object(CakeRequest))
#2 /home/jhuang9/shopping/app/webroot/index.php(109): Dispatcher->dispatch(Object(CakeRequest), Object(CakeResponse))
#3 {main}
2017-04-05 00:45:33 Error: [MissingActionException] Action ProductsController::list() could not be found.
Exception Attributes: array (
  'controller' => 'ProductsController',
  'action' => 'list',
)
Request URL: /~sp17g09/gatorstore/products/list
Stack Trace:
#0 /home/sp17g09/csc648-team09/gatorstore/lib/Cake/Routing/Dispatcher.php(193): Controller->invokeAction(Object(CakeRequest))
#1 /home/sp17g09/csc648-team09/gatorstore/lib/Cake/Routing/Dispatcher.php(167): Dispatcher->_invoke(Object(ProductsController), Object(CakeRequest))
#2 /home/sp17g09/csc648-team09/gatorstore/app/webroot/index.php(109): Dispatcher->dispatch(Object(CakeRequest), Object(CakeResponse))
#3 {main}
2017-04-05 00:45:34 Error: [MissingActionException] Action ProductsController::list() could not be found.
Exception Attributes: array (
  'controller' => 'ProductsController',
  'action' => 'list',
)
Request URL: /~sp17g09/gatorstore/products/list
Stack Trace:
#0 /home/sp17g09/csc648-team09/gatorstore/lib/Cake/Routing/Dispatcher.php(193): Controller->invokeAction(Object(CakeRequest))
#1 /home/sp17g09/csc648-team09/gatorstore/lib/Cake/Routing/Dispatcher.php(167): Dispatcher->_invoke(Object(ProductsController), Object(CakeRequest))
#2 /home/sp17g09/csc648-team09/gatorstore/app/webroot/index.php(109): Dispatcher->dispatch(Object(CakeRequest), Object(CakeResponse))
#3 {main}
2017-04-05 00:45:34 Error: [MissingActionException] Action ProductsController::list() could not be found.
Exception Attributes: array (
  'controller' => 'ProductsController',
  'action' => 'list',
)
Request URL: /~sp17g09/gatorstore/products/list
Stack Trace:
#0 /home/sp17g09/csc648-team09/gatorstore/lib/Cake/Routing/Dispatcher.php(193): Controller->invokeAction(Object(CakeRequest))
#1 /home/sp17g09/csc648-team09/gatorstore/lib/Cake/Routing/Dispatcher.php(167): Dispatcher->_invoke(Object(ProductsController), Object(CakeRequest))
#2 /home/sp17g09/csc648-team09/gatorstore/app/webroot/index.php(109): Dispatcher->dispatch(Object(CakeRequest), Object(CakeResponse))
#3 {main}
2017-04-05 00:46:26 Error: [MissingActionException] Action ProductsController::list() could not be found.
Exception Attributes: array (
  'controller' => 'ProductsController',
  'action' => 'list',
)
Request URL: /~sp17g09/gatorstore/products/list
Stack Trace:
#0 /home/sp17g09/csc648-team09/gatorstore/lib/Cake/Routing/Dispatcher.php(193): Controller->invokeAction(Object(CakeRequest))
#1 /home/sp17g09/csc648-team09/gatorstore/lib/Cake/Routing/Dispatcher.php(167): Dispatcher->_invoke(Object(ProductsController), Object(CakeRequest))
#2 /home/sp17g09/csc648-team09/gatorstore/app/webroot/index.php(109): Dispatcher->dispatch(Object(CakeRequest), Object(CakeResponse))
#3 {main}
2017-04-05 00:47:58 Error: [MissingActionException] Action ProductsController::list() could not be found.
Exception Attributes: array (
  'controller' => 'ProductsController',
  'action' => 'list',
)
Request URL: /~sp17g09/gatorstore/products/list
Stack Trace:
#0 /home/sp17g09/csc648-team09/gatorstore/lib/Cake/Routing/Dispatcher.php(193): Controller->invokeAction(Object(CakeRequest))
#1 /home/sp17g09/csc648-team09/gatorstore/lib/Cake/Routing/Dispatcher.php(167): Dispatcher->_invoke(Object(ProductsController), Object(CakeRequest))
#2 /home/sp17g09/csc648-team09/gatorstore/app/webroot/index.php(109): Dispatcher->dispatch(Object(CakeRequest), Object(CakeResponse))
#3 {main}
